2026-06-13 22:59:06,035 [WARNING] discord.client: PyNaCl is not installed, voice will NOT be supported
2026-06-13 22:59:06,035 [WARNING] discord.client: davey is not installed, voice will NOT be supported
2026-06-13 22:59:06,046 [INFO] bot: Loaded modules.help
2026-06-13 22:59:06,055 [INFO] bot: Loaded modules.logging
2026-06-13 22:59:06,059 [INFO] bot: Loaded modules.ping
2026-06-13 22:59:06,062 [INFO] bot: Loaded modules.template
2026-06-13 22:59:06,068 [INFO] bot: Loaded events.member_join
2026-06-13 22:59:06,071 [INFO] bot: Loaded events.message
2026-06-13 22:59:06,075 [INFO] bot: Loaded events.ready
2026-06-13 22:59:06,075 [INFO] bot: ========== REGISTERED COMMANDS ==========
2026-06-13 22:59:06,076 [INFO] bot: !help -> C:\Users\bluem\Downloads\Blank Bot\modules\help.py
2026-06-13 22:59:06,076 [INFO] bot: !ping -> C:\Users\bluem\Downloads\Blank Bot\modules\ping.py
2026-06-13 22:59:06,076 [INFO] bot: !saylog -> C:\Users\bluem\Downloads\Blank Bot\modules\logging.py
2026-06-13 22:59:06,076 [INFO] bot: !template -> C:\Users\bluem\Downloads\Blank Bot\modules\template.py
2026-06-13 22:59:06,076 [INFO] bot: =========================================
2026-06-13 22:59:06,078 [INFO] discord.client: logging in using static token
2026-06-13 22:59:06,869 [INFO] discord.gateway: Shard ID None has connected to Gateway (Session ID: 8612b2ae74780ce5d475c5c05321ba04).
2026-06-13 22:59:08,873 [INFO] bot.events.ready: Logged in as Voidstone Managment#4277 (ID: 1514888384789614663)
2026-06-13 22:59:41,279 [INFO] bot.commands.logging: blue_gamerwolf logged from #general: Hello
2026-06-13 22:59:49,243 [ERROR] discord.ext.commands.bot: Ignoring exception in command None
discord.ext.commands.errors.CommandNotFound: Command "templaye" is not found
2026-06-13 23:22:56,023 [WARNING] discord.client: PyNaCl is not installed, voice will NOT be supported
2026-06-13 23:22:56,024 [WARNING] discord.client: davey is not installed, voice will NOT be supported
2026-06-13 23:22:56,027 [INFO] bot: Loaded modules.help
2026-06-13 23:22:56,029 [INFO] bot: Loaded modules.logging
2026-06-13 23:22:56,030 [INFO] bot: Loaded modules.ping
2026-06-13 23:22:56,031 [INFO] bot: Loaded modules.template
2026-06-13 23:22:56,034 [INFO] bot: Loaded events.member_join
2026-06-13 23:22:56,035 [INFO] bot: Loaded events.message
2026-06-13 23:22:56,036 [INFO] bot: Loaded events.ready
2026-06-13 23:22:56,036 [INFO] bot: ========== REGISTERED COMMANDS ==========
2026-06-13 23:22:56,036 [INFO] bot: !help -> C:\Users\bluem\Downloads\Blank Bot\modules\help.py
2026-06-13 23:22:56,036 [INFO] bot: !ping -> C:\Users\bluem\Downloads\Blank Bot\modules\ping.py
2026-06-13 23:22:56,036 [INFO] bot: !saylog -> C:\Users\bluem\Downloads\Blank Bot\modules\logging.py
2026-06-13 23:22:56,037 [INFO] bot: !template -> C:\Users\bluem\Downloads\Blank Bot\modules\template.py
2026-06-13 23:22:56,037 [INFO] bot: =========================================
2026-06-13 23:22:56,038 [INFO] discord.client: logging in using static token
2026-06-13 23:22:57,429 [INFO] discord.gateway: Shard ID None has connected to Gateway (Session ID: 37fe26d1f26040d32af7e172d09ab232).
2026-06-13 23:22:59,440 [INFO] bot.events.ready: Logged in as Voidstone Managment#4277 (ID: 1514888384789614663)
2026-06-14 00:05:42,942 [WARNING] discord.client: PyNaCl is not installed, voice will NOT be supported
2026-06-14 00:05:42,946 [INFO] bot: Loaded modules.help
2026-06-14 00:05:42,947 [INFO] bot: Loaded modules.logging
2026-06-14 00:05:42,948 [INFO] bot: Loaded modules.ping
2026-06-14 00:05:42,948 [INFO] bot: Loaded modules.template
2026-06-14 00:05:42,951 [INFO] bot: Loaded modules.ticket
2026-06-14 00:05:42,952 [INFO] bot: Loaded events.member_join
2026-06-14 00:05:42,953 [INFO] bot: Loaded events.message
2026-06-14 00:05:42,954 [INFO] bot: Loaded events.ready
2026-06-14 00:05:42,954 [INFO] bot: ========== REGISTERED COMMANDS ==========
2026-06-14 00:05:42,954 [INFO] bot: !help -> C:\Users\bluem\Downloads\Blank Bot\modules\help.py
2026-06-14 00:05:42,954 [INFO] bot: !ping -> C:\Users\bluem\Downloads\Blank Bot\modules\ping.py
2026-06-14 00:05:42,954 [INFO] bot: !saylog -> C:\Users\bluem\Downloads\Blank Bot\modules\logging.py
2026-06-14 00:05:42,954 [INFO] bot: !template -> C:\Users\bluem\Downloads\Blank Bot\modules\template.py
2026-06-14 00:05:42,955 [INFO] bot: !ticketpanel -> C:\Users\bluem\Downloads\Blank Bot\modules\ticket.py
2026-06-14 00:05:42,955 [INFO] bot: =========================================
2026-06-14 00:05:42,956 [INFO] discord.client: logging in using static token
2026-06-14 00:05:43,799 [INFO] discord.gateway: Shard ID None has connected to Gateway (Session ID: a6443c66f10a134337a445fbeddb8516).
2026-06-14 00:05:45,802 [INFO] bot.events.ready: Logged in as Voidstone Managment#4277 (ID: 1514888384789614663)
2026-06-14 00:34:12,916 [WARNING] discord.client: PyNaCl is not installed, voice will NOT be supported
2026-06-14 00:34:12,919 [INFO] bot: Loaded modules.help
2026-06-14 00:34:12,921 [INFO] bot: Loaded modules.logging
2026-06-14 00:34:12,921 [INFO] bot: Loaded modules.ping
2026-06-14 00:34:12,922 [INFO] bot: Loaded modules.template
2026-06-14 00:34:12,949 [INFO] bot: Loaded modules.ticket
2026-06-14 00:34:12,950 [INFO] bot: Loaded events.member_join
2026-06-14 00:34:12,951 [INFO] bot: Loaded events.message
2026-06-14 00:34:12,951 [INFO] bot: Loaded events.ready
2026-06-14 00:38:37,993 [WARNING] discord.client: PyNaCl is not installed, voice will NOT be supported
2026-06-14 00:38:37,996 [INFO] bot: Loaded modules.help
2026-06-14 00:38:37,997 [INFO] bot: Loaded modules.logging
2026-06-14 00:38:37,998 [INFO] bot: Loaded modules.ping
2026-06-14 00:38:37,999 [INFO] bot: Loaded modules.template
2026-06-14 00:38:38,011 [INFO] bot: Loaded modules.ticket
2026-06-14 00:38:38,012 [INFO] bot: Loaded events.member_join
2026-06-14 00:38:38,013 [INFO] bot: Loaded events.message
2026-06-14 00:38:38,013 [INFO] bot: Loaded events.ready
2026-06-14 00:38:45,610 [WARNING] discord.client: PyNaCl is not installed, voice will NOT be supported
2026-06-14 00:38:45,613 [INFO] bot: Loaded modules.help
2026-06-14 00:38:45,614 [INFO] bot: Loaded modules.logging
2026-06-14 00:38:45,615 [INFO] bot: Loaded modules.ping
2026-06-14 00:38:45,615 [INFO] bot: Loaded modules.template
2026-06-14 00:38:45,623 [INFO] bot: Loaded modules.ticket
2026-06-14 00:38:45,624 [INFO] bot: Loaded events.member_join
2026-06-14 00:38:45,625 [INFO] bot: Loaded events.message
2026-06-14 00:38:45,625 [INFO] bot: Loaded events.ready
2026-06-14 00:40:05,169 [WARNING] discord.client: PyNaCl is not installed, voice will NOT be supported
2026-06-14 00:40:05,171 [INFO] bot: Loaded modules.help
2026-06-14 00:40:05,173 [INFO] bot: Loaded modules.logging
2026-06-14 00:40:05,173 [INFO] bot: Loaded modules.ping
2026-06-14 00:40:05,174 [INFO] bot: Loaded modules.template
2026-06-14 00:40:05,184 [INFO] bot: Loaded modules.ticket
2026-06-14 00:40:05,185 [INFO] bot: Loaded events.member_join
2026-06-14 00:40:05,185 [INFO] bot: Loaded events.message
2026-06-14 00:40:05,186 [INFO] bot: Loaded events.ready
2026-06-14 00:40:05,186 [INFO] bot: Loaded events.ticket_buttons
2026-06-14 00:40:05,186 [INFO] bot: ========== REGISTERED COMMANDS ==========
2026-06-14 00:40:05,186 [INFO] bot: !help -> C:\Users\bluem\Downloads\Blank Bot\modules\help.py
2026-06-14 00:40:05,187 [INFO] bot: !ping -> C:\Users\bluem\Downloads\Blank Bot\modules\ping.py
2026-06-14 00:40:05,187 [INFO] bot: !saylog -> C:\Users\bluem\Downloads\Blank Bot\modules\logging.py
2026-06-14 00:40:05,187 [INFO] bot: !template -> C:\Users\bluem\Downloads\Blank Bot\modules\template.py
2026-06-14 00:40:05,187 [INFO] bot: !ticketpanel -> C:\Users\bluem\Downloads\Blank Bot\modules\ticket.py
2026-06-14 00:40:05,187 [INFO] bot: =========================================
2026-06-14 00:40:05,188 [INFO] discord.client: logging in using static token
2026-06-14 00:40:05,925 [INFO] discord.gateway: Shard ID None has connected to Gateway (Session ID: 58b22b8b57cded1dc18ea22c0ba94d64).
2026-06-14 00:40:07,934 [INFO] bot.events.ready: Logged in as Voidstone Managment#4277 (ID: 1514888384789614663)
2026-06-14 00:41:13,889 [WARNING] discord.client: PyNaCl is not installed, voice will NOT be supported
2026-06-14 00:41:13,893 [INFO] bot: Loaded modules.help
2026-06-14 00:41:13,894 [INFO] bot: Loaded modules.logging
2026-06-14 00:41:13,894 [INFO] bot: Loaded modules.ping
2026-06-14 00:41:13,895 [INFO] bot: Loaded modules.template
2026-06-14 00:41:13,901 [INFO] bot: Loaded modules.ticket
2026-06-14 00:41:13,902 [INFO] bot: Loaded events.member_join
2026-06-14 00:41:13,903 [INFO] bot: Loaded events.message
2026-06-14 00:41:13,904 [INFO] bot: Loaded events.ready
2026-06-14 00:41:13,904 [INFO] bot: Loaded events.ticket_buttons
2026-06-14 00:41:13,904 [INFO] bot: ========== REGISTERED COMMANDS ==========
2026-06-14 00:41:13,904 [INFO] bot: !help -> C:\Users\bluem\Downloads\Blank Bot\modules\help.py
2026-06-14 00:41:13,904 [INFO] bot: !ping -> C:\Users\bluem\Downloads\Blank Bot\modules\ping.py
2026-06-14 00:41:13,904 [INFO] bot: !saylog -> C:\Users\bluem\Downloads\Blank Bot\modules\logging.py
2026-06-14 00:41:13,904 [INFO] bot: !template -> C:\Users\bluem\Downloads\Blank Bot\modules\template.py
2026-06-14 00:41:13,904 [INFO] bot: !ticketpanel -> C:\Users\bluem\Downloads\Blank Bot\modules\ticket.py
2026-06-14 00:41:13,904 [INFO] bot: =========================================
2026-06-14 00:41:13,905 [INFO] discord.client: logging in using static token
2026-06-14 00:41:14,642 [INFO] discord.gateway: Shard ID None has connected to Gateway (Session ID: 96b0d17b3c480aa14d9d3e493a84aad0).
2026-06-14 00:41:16,681 [INFO] bot: Ticket views loaded safely
2026-06-14 00:41:16,681 [INFO] bot.events.ready: Logged in as Voidstone Managment#4277 (ID: 1514888384789614663)
2026-06-14 00:48:29,862 [WARNING] discord.client: PyNaCl is not installed, voice will NOT be supported
2026-06-14 00:48:29,868 [INFO] bot: Loaded modules.help
2026-06-14 00:48:29,869 [INFO] bot: Loaded modules.logging
2026-06-14 00:48:29,871 [INFO] bot: Loaded modules.ping
2026-06-14 00:48:29,872 [INFO] bot: Loaded modules.template
2026-06-14 00:48:29,873 [INFO] bot: Loaded modules.ticket
2026-06-14 00:48:29,875 [INFO] bot: Loaded events.member_join
2026-06-14 00:48:29,876 [INFO] bot: Loaded events.message
2026-06-14 00:48:29,877 [INFO] bot: Loaded events.ready
2026-06-14 00:48:29,878 [INFO] bot: Loaded events.ticket_buttons
2026-06-14 00:48:29,878 [INFO] bot: ========== REGISTERED COMMANDS ==========
2026-06-14 00:48:29,878 [INFO] bot: !adduser -> C:\Users\bluem\Downloads\Blank Bot\modules\ticket.py
2026-06-14 00:48:29,878 [INFO] bot: !close -> C:\Users\bluem\Downloads\Blank Bot\modules\ticket.py
2026-06-14 00:48:29,879 [INFO] bot: !help -> C:\Users\bluem\Downloads\Blank Bot\modules\help.py
2026-06-14 00:48:29,879 [INFO] bot: !ping -> C:\Users\bluem\Downloads\Blank Bot\modules\ping.py
2026-06-14 00:48:29,879 [INFO] bot: !removeuser -> C:\Users\bluem\Downloads\Blank Bot\modules\ticket.py
2026-06-14 00:48:29,879 [INFO] bot: !saylog -> C:\Users\bluem\Downloads\Blank Bot\modules\logging.py
2026-06-14 00:48:29,879 [INFO] bot: !template -> C:\Users\bluem\Downloads\Blank Bot\modules\template.py
2026-06-14 00:48:29,879 [INFO] bot: !ticketpanel -> C:\Users\bluem\Downloads\Blank Bot\modules\ticket.py
2026-06-14 00:48:29,880 [INFO] bot: =========================================
2026-06-14 00:48:29,882 [INFO] discord.client: logging in using static token
2026-06-14 00:48:30,685 [INFO] discord.gateway: Shard ID None has connected to Gateway (Session ID: 0da31523e22daa7e7ea268ece2da4995).
2026-06-14 00:48:32,688 [INFO] bot: Ticket views loaded safely
2026-06-14 00:48:32,689 [INFO] bot.events.ready: Logged in as Voidstone Managment#4277 (ID: 1514888384789614663)
2026-06-14 00:53:22,930 [WARNING] discord.client: PyNaCl is not installed, voice will NOT be supported
2026-06-14 00:53:22,932 [INFO] bot: Loaded modules.help
2026-06-14 00:53:22,933 [INFO] bot: Loaded modules.logging
2026-06-14 00:53:22,934 [INFO] bot: Loaded modules.ping
2026-06-14 00:53:22,935 [INFO] bot: Loaded modules.template
2026-06-14 00:53:22,936 [INFO] bot: Loaded modules.ticket
2026-06-14 00:53:22,936 [INFO] bot: Loaded events.member_join
2026-06-14 00:53:22,937 [INFO] bot: Loaded events.message
2026-06-14 00:53:22,937 [INFO] bot: Loaded events.ready
2026-06-14 00:53:22,937 [INFO] bot: Loaded events.ticket_buttons
2026-06-14 00:53:22,938 [INFO] bot: ========== REGISTERED COMMANDS ==========
2026-06-14 00:53:22,938 [INFO] bot: !adduser -> C:\Users\bluem\Downloads\Blank Bot\modules\ticket.py
2026-06-14 00:53:22,938 [INFO] bot: !close -> C:\Users\bluem\Downloads\Blank Bot\modules\ticket.py
2026-06-14 00:53:22,938 [INFO] bot: !help -> C:\Users\bluem\Downloads\Blank Bot\modules\help.py
2026-06-14 00:53:22,938 [INFO] bot: !ping -> C:\Users\bluem\Downloads\Blank Bot\modules\ping.py
2026-06-14 00:53:22,938 [INFO] bot: !removeuser -> C:\Users\bluem\Downloads\Blank Bot\modules\ticket.py
2026-06-14 00:53:22,938 [INFO] bot: !saylog -> C:\Users\bluem\Downloads\Blank Bot\modules\logging.py
2026-06-14 00:53:22,938 [INFO] bot: !template -> C:\Users\bluem\Downloads\Blank Bot\modules\template.py
2026-06-14 00:53:22,938 [INFO] bot: !ticketpanel -> C:\Users\bluem\Downloads\Blank Bot\modules\ticket.py
2026-06-14 00:53:22,938 [INFO] bot: =========================================
2026-06-14 00:53:22,940 [INFO] discord.client: logging in using static token
2026-06-14 00:53:24,663 [INFO] discord.gateway: Shard ID None has connected to Gateway (Session ID: 8c27b285e9035065eb748c889d609c60).
2026-06-14 00:53:26,669 [INFO] bot: Ticket views loaded safely
2026-06-14 00:53:26,670 [INFO] bot.events.ready: Logged in as Voidstone Managment#4277 (ID: 1514888384789614663)
2026-06-14 00:53:26,891 [INFO] bot: Ticket categories loaded safely
2026-06-14 00:55:23,077 [ERROR] discord.ui.view: Ignoring exception in view <TicketPanel timeout=None children=1> for item <Button style=<ButtonStyle.success: 3> url=None disabled=False label='Create Ticket' emoji=None row=None sku_id=None id=None>
Traceback (most recent call last):
  File "C:\Users\bluem\AppData\Roaming\Python\Python314\site-packages\discord\ui\view.py", line 555, in _scheduled_task
    await item.callback(interaction)
  File "C:\Users\bluem\Downloads\Blank Bot\events\ticket_buttons.py", line 337, in create_ticket
    embed.add_field(name="Opened By", value=f"{user.mention}\n`{user.id}`", inline=True)
    ^^^^^^^^^^^^^^^^^^^^^^^^^^^^^^^^^^^^^^^^^^^^^^^^^^^^^^^^^^^^^^^^^^^^^^^^^^^^^^^^^^^^
    ...<2 lines>...
    await ticket_channel.send(
    ^
  File "C:\Users\bluem\AppData\Roaming\Python\Python314\site-packages\discord\interactions.py", line 1051, in send_message
    response = await adapter.create_interaction_response(
               ^^^^^^^^^^^^^^^^^^^^^^^^^^^^^^^^^^^^^^^^^^
    ...<6 lines>...
    )
    ^
  File "C:\Users\bluem\AppData\Roaming\Python\Python314\site-packages\discord\webhook\async_.py", line 226, in request
    raise HTTPException(response, data)
discord.errors.HTTPException: 400 Bad Request (error code: 40060): Interaction has already been acknowledged.
2026-06-14 00:55:46,582 [ERROR] discord.ui.view: Ignoring exception in view <TicketControlView timeout=None children=4> for item <Button style=<ButtonStyle.danger: 4> url=None disabled=False label='Close' emoji=None row=None sku_id=None id=3>
Traceback (most recent call last):
  File "C:\Users\bluem\AppData\Roaming\Python\Python314\site-packages\discord\ui\view.py", line 555, in _scheduled_task
    await item.callback(interaction)
  File "C:\Users\bluem\Downloads\Blank Bot\events\ticket_buttons.py", line 290, in close
    if GUILD_ID and guild.id != GUILD_ID:
  File "C:\Users\bluem\Downloads\Blank Bot\events\ticket_buttons.py", line 158, in close_ticket_channel
    async for message in channel.history(limit=None, oldest_first=True):
  File "C:\Users\bluem\Downloads\Blank Bot\events\ticket_buttons.py", line 120, in _send_response
  File "C:\Users\bluem\AppData\Roaming\Python\Python314\site-packages\discord\interactions.py", line 1051, in send_message
    response = await adapter.create_interaction_response(
               ^^^^^^^^^^^^^^^^^^^^^^^^^^^^^^^^^^^^^^^^^^
    ...<6 lines>...
    )
    ^
  File "C:\Users\bluem\AppData\Roaming\Python\Python314\site-packages\discord\webhook\async_.py", line 224, in request
    raise NotFound(response, data)
discord.errors.NotFound: 404 Not Found (error code: 10062): Unknown interaction
2026-06-14 00:55:47,909 [ERROR] discord.ui.view: Ignoring exception in view <TicketControlView timeout=None children=4> for item <Button style=<ButtonStyle.danger: 4> url=None disabled=False label='Close' emoji=None row=None sku_id=None id=3>
Traceback (most recent call last):
  File "C:\Users\bluem\AppData\Roaming\Python\Python314\site-packages\discord\ui\view.py", line 555, in _scheduled_task
    await item.callback(interaction)
  File "C:\Users\bluem\Downloads\Blank Bot\events\ticket_buttons.py", line 384, in close
  File "C:\Users\bluem\Downloads\Blank Bot\events\ticket_buttons.py", line 243, in close_ticket_channel
  File "C:\Users\bluem\Downloads\Blank Bot\events\ticket_buttons.py", line 210, in _send_response
    *,
    
  File "C:\Users\bluem\AppData\Roaming\Python\Python314\site-packages\discord\interactions.py", line 1051, in send_message
    response = await adapter.create_interaction_response(
               ^^^^^^^^^^^^^^^^^^^^^^^^^^^^^^^^^^^^^^^^^^
    ...<6 lines>...
    )
    ^
  File "C:\Users\bluem\AppData\Roaming\Python\Python314\site-packages\discord\webhook\async_.py", line 224, in request
    raise NotFound(response, data)
discord.errors.NotFound: 404 Not Found (error code: 10062): Unknown interaction
2026-06-14 00:55:54,758 [ERROR] discord.ui.view: Ignoring exception in view <TicketPanel timeout=None children=1> for item <Button style=<ButtonStyle.success: 3> url=None disabled=False label='Create Ticket' emoji=None row=None sku_id=None id=2>
Traceback (most recent call last):
  File "C:\Users\bluem\AppData\Roaming\Python\Python314\site-packages\discord\ui\view.py", line 555, in _scheduled_task
    await item.callback(interaction)
  File "C:\Users\bluem\Downloads\Blank Bot\events\ticket_buttons.py", line 243, in create_ticket
    
    
    ...<2 lines>...
        return
        ^^^^^
  File "C:\Users\bluem\AppData\Roaming\Python\Python314\site-packages\discord\interactions.py", line 1051, in send_message
    response = await adapter.create_interaction_response(
               ^^^^^^^^^^^^^^^^^^^^^^^^^^^^^^^^^^^^^^^^^^
    ...<6 lines>...
    )
    ^
  File "C:\Users\bluem\AppData\Roaming\Python\Python314\site-packages\discord\webhook\async_.py", line 224, in request
    raise NotFound(response, data)
discord.errors.NotFound: 404 Not Found (error code: 10062): Unknown interaction
2026-06-14 00:56:07,030 [ERROR] discord.ui.view: Ignoring exception in view <TicketControlView timeout=None children=4> for item <Button style=<ButtonStyle.danger: 4> url=None disabled=False label='Close' emoji=None row=None sku_id=None id=None>
Traceback (most recent call last):
  File "C:\Users\bluem\AppData\Roaming\Python\Python314\site-packages\discord\ui\view.py", line 555, in _scheduled_task
    await item.callback(interaction)
  File "C:\Users\bluem\Downloads\Blank Bot\events\ticket_buttons.py", line 290, in close
    if GUILD_ID and guild.id != GUILD_ID:
  File "C:\Users\bluem\Downloads\Blank Bot\events\ticket_buttons.py", line 158, in close_ticket_channel
    async for message in channel.history(limit=None, oldest_first=True):
  File "C:\Users\bluem\Downloads\Blank Bot\events\ticket_buttons.py", line 120, in _send_response
  File "C:\Users\bluem\AppData\Roaming\Python\Python314\site-packages\discord\interactions.py", line 1051, in send_message
    response = await adapter.create_interaction_response(
               ^^^^^^^^^^^^^^^^^^^^^^^^^^^^^^^^^^^^^^^^^^
    ...<6 lines>...
    )
    ^
  File "C:\Users\bluem\AppData\Roaming\Python\Python314\site-packages\discord\webhook\async_.py", line 224, in request
    raise NotFound(response, data)
discord.errors.NotFound: 404 Not Found (error code: 10062): Unknown interaction
2026-06-14 00:56:12,021 [ERROR] discord.ui.view: Ignoring exception in view <TicketControlView timeout=None children=4> for item <Button style=<ButtonStyle.danger: 4> url=None disabled=False label='Close' emoji=None row=None sku_id=None id=None>
Traceback (most recent call last):
  File "C:\Users\bluem\AppData\Roaming\Python\Python314\site-packages\discord\ui\view.py", line 555, in _scheduled_task
    await item.callback(interaction)
  File "C:\Users\bluem\Downloads\Blank Bot\events\ticket_buttons.py", line 384, in close
  File "C:\Users\bluem\Downloads\Blank Bot\events\ticket_buttons.py", line 243, in close_ticket_channel
  File "C:\Users\bluem\Downloads\Blank Bot\events\ticket_buttons.py", line 210, in _send_response
    *,
    
  File "C:\Users\bluem\AppData\Roaming\Python\Python314\site-packages\discord\interactions.py", line 1051, in send_message
    response = await adapter.create_interaction_response(
               ^^^^^^^^^^^^^^^^^^^^^^^^^^^^^^^^^^^^^^^^^^
    ...<6 lines>...
    )
    ^
  File "C:\Users\bluem\AppData\Roaming\Python\Python314\site-packages\discord\webhook\async_.py", line 224, in request
    raise NotFound(response, data)
discord.errors.NotFound: 404 Not Found (error code: 10062): Unknown interaction
2026-06-14 00:56:44,599 [WARNING] discord.client: PyNaCl is not installed, voice will NOT be supported
2026-06-14 00:56:44,601 [INFO] bot: Loaded modules.help
2026-06-14 00:56:44,602 [INFO] bot: Loaded modules.logging
2026-06-14 00:56:44,602 [INFO] bot: Loaded modules.ping
2026-06-14 00:56:44,603 [INFO] bot: Loaded modules.template
2026-06-14 00:56:44,604 [INFO] bot: Loaded modules.ticket
2026-06-14 00:56:44,604 [INFO] bot: Loaded events.member_join
2026-06-14 00:56:44,605 [INFO] bot: Loaded events.message
2026-06-14 00:56:44,605 [INFO] bot: Loaded events.ready
2026-06-14 00:56:44,605 [INFO] bot: Loaded events.ticket_buttons
2026-06-14 00:56:44,605 [INFO] bot: ========== REGISTERED COMMANDS ==========
2026-06-14 00:56:44,605 [INFO] bot: !adduser -> C:\Users\bluem\Downloads\Blank Bot\modules\ticket.py
2026-06-14 00:56:44,606 [INFO] bot: !close -> C:\Users\bluem\Downloads\Blank Bot\modules\ticket.py
2026-06-14 00:56:44,606 [INFO] bot: !help -> C:\Users\bluem\Downloads\Blank Bot\modules\help.py
2026-06-14 00:56:44,606 [INFO] bot: !ping -> C:\Users\bluem\Downloads\Blank Bot\modules\ping.py
2026-06-14 00:56:44,606 [INFO] bot: !removeuser -> C:\Users\bluem\Downloads\Blank Bot\modules\ticket.py
2026-06-14 00:56:44,606 [INFO] bot: !saylog -> C:\Users\bluem\Downloads\Blank Bot\modules\logging.py
2026-06-14 00:56:44,606 [INFO] bot: !template -> C:\Users\bluem\Downloads\Blank Bot\modules\template.py
2026-06-14 00:56:44,606 [INFO] bot: !ticket_start -> C:\Users\bluem\Downloads\Blank Bot\modules\ticket.py
2026-06-14 00:56:44,606 [INFO] bot: !ticketpanel -> C:\Users\bluem\Downloads\Blank Bot\modules\ticket.py
2026-06-14 00:56:44,606 [INFO] bot: =========================================
2026-06-14 00:56:44,607 [INFO] discord.client: logging in using static token
2026-06-14 00:56:45,586 [INFO] discord.gateway: Shard ID None has connected to Gateway (Session ID: 757ce8096766cf9fd005445f8401f0b3).
2026-06-14 00:56:47,606 [INFO] bot: Ticket views loaded safely
2026-06-14 00:56:47,607 [INFO] bot.events.ready: Logged in as Voidstone Managment#4277 (ID: 1514888384789614663)
2026-06-14 00:56:47,924 [INFO] bot: Ticket categories loaded safely
2026-06-14 00:56:55,943 [WARNING] discord.client: PyNaCl is not installed, voice will NOT be supported
2026-06-14 00:56:55,945 [INFO] bot: Loaded modules.help
2026-06-14 00:56:55,946 [INFO] bot: Loaded modules.logging
2026-06-14 00:56:55,947 [INFO] bot: Loaded modules.ping
2026-06-14 00:56:55,947 [INFO] bot: Loaded modules.template
2026-06-14 00:56:55,948 [INFO] bot: Loaded modules.ticket
2026-06-14 00:56:55,949 [INFO] bot: Loaded events.member_join
2026-06-14 00:56:55,950 [INFO] bot: Loaded events.message
2026-06-14 00:56:55,950 [INFO] bot: Loaded events.ready
2026-06-14 00:56:55,951 [INFO] bot: Loaded events.ticket_buttons
2026-06-14 00:56:55,951 [INFO] bot: ========== REGISTERED COMMANDS ==========
2026-06-14 00:56:55,951 [INFO] bot: !adduser -> C:\Users\bluem\Downloads\Blank Bot\modules\ticket.py
2026-06-14 00:56:55,951 [INFO] bot: !close -> C:\Users\bluem\Downloads\Blank Bot\modules\ticket.py
2026-06-14 00:56:55,951 [INFO] bot: !help -> C:\Users\bluem\Downloads\Blank Bot\modules\help.py
2026-06-14 00:56:55,951 [INFO] bot: !ping -> C:\Users\bluem\Downloads\Blank Bot\modules\ping.py
2026-06-14 00:56:55,951 [INFO] bot: !removeuser -> C:\Users\bluem\Downloads\Blank Bot\modules\ticket.py
2026-06-14 00:56:55,952 [INFO] bot: !saylog -> C:\Users\bluem\Downloads\Blank Bot\modules\logging.py
2026-06-14 00:56:55,952 [INFO] bot: !template -> C:\Users\bluem\Downloads\Blank Bot\modules\template.py
2026-06-14 00:56:55,952 [INFO] bot: !ticket_start -> C:\Users\bluem\Downloads\Blank Bot\modules\ticket.py
2026-06-14 00:56:55,952 [INFO] bot: !ticketpanel -> C:\Users\bluem\Downloads\Blank Bot\modules\ticket.py
2026-06-14 00:56:55,952 [INFO] bot: =========================================
2026-06-14 00:56:55,953 [INFO] discord.client: logging in using static token
2026-06-14 00:56:57,590 [INFO] discord.gateway: Shard ID None has connected to Gateway (Session ID: 76554dd020ff18424a2e9ee1f42b528b).
2026-06-14 00:56:59,596 [INFO] bot: Ticket views loaded safely
2026-06-14 00:56:59,597 [INFO] bot: Ticket categories loaded safely
2026-06-14 00:56:59,597 [INFO] bot.events.ready: Logged in as Voidstone Managment#4277 (ID: 1514888384789614663)
2026-06-14 00:58:10,166 [WARNING] discord.client: PyNaCl is not installed, voice will NOT be supported
2026-06-14 00:58:10,169 [INFO] bot: Loaded modules.help
2026-06-14 00:58:10,170 [INFO] bot: Loaded modules.logging
2026-06-14 00:58:10,171 [INFO] bot: Loaded modules.ping
2026-06-14 00:58:10,171 [INFO] bot: Loaded modules.template
2026-06-14 00:58:10,172 [INFO] bot: Loaded modules.ticket
2026-06-14 00:58:10,173 [INFO] bot: Loaded events.member_join
2026-06-14 00:58:10,174 [INFO] bot: Loaded events.message
2026-06-14 00:58:10,174 [INFO] bot: Loaded events.ready
2026-06-14 00:58:10,174 [INFO] bot: Loaded events.ticket_buttons
2026-06-14 00:58:10,174 [INFO] bot: ========== REGISTERED COMMANDS ==========
2026-06-14 00:58:10,174 [INFO] bot: !adduser -> C:\Users\bluem\Downloads\Blank Bot\modules\ticket.py
2026-06-14 00:58:10,174 [INFO] bot: !close -> C:\Users\bluem\Downloads\Blank Bot\modules\ticket.py
2026-06-14 00:58:10,175 [INFO] bot: !help -> C:\Users\bluem\Downloads\Blank Bot\modules\help.py
2026-06-14 00:58:10,175 [INFO] bot: !ping -> C:\Users\bluem\Downloads\Blank Bot\modules\ping.py
2026-06-14 00:58:10,175 [INFO] bot: !removeuser -> C:\Users\bluem\Downloads\Blank Bot\modules\ticket.py
2026-06-14 00:58:10,175 [INFO] bot: !saylog -> C:\Users\bluem\Downloads\Blank Bot\modules\logging.py
2026-06-14 00:58:10,175 [INFO] bot: !template -> C:\Users\bluem\Downloads\Blank Bot\modules\template.py
2026-06-14 00:58:10,175 [INFO] bot: !ticket_start -> C:\Users\bluem\Downloads\Blank Bot\modules\ticket.py
2026-06-14 00:58:10,175 [INFO] bot: !ticketpanel -> C:\Users\bluem\Downloads\Blank Bot\modules\ticket.py
2026-06-14 00:58:10,175 [INFO] bot: =========================================
2026-06-14 00:58:10,176 [INFO] discord.client: logging in using static token
2026-06-14 00:58:11,140 [INFO] discord.gateway: Shard ID None has connected to Gateway (Session ID: e42776a72d8d5542ebd3494f0315ce6b).
2026-06-14 00:58:13,145 [INFO] bot: Ticket views loaded safely
2026-06-14 00:58:13,145 [INFO] bot: Ticket categories loaded safely
2026-06-14 00:58:13,146 [INFO] bot.events.ready: Logged in as Voidstone Managment#4277 (ID: 1514888384789614663)
2026-06-14 01:01:35,998 [WARNING] discord.client: PyNaCl is not installed, voice will NOT be supported
2026-06-14 01:01:36,002 [INFO] bot: Loaded modules.help
2026-06-14 01:01:36,003 [INFO] bot: Loaded modules.logging
2026-06-14 01:01:36,003 [INFO] bot: Loaded modules.ping
2026-06-14 01:01:36,004 [INFO] bot: Loaded modules.template
2026-06-14 01:01:36,005 [INFO] bot: Loaded modules.ticket
2026-06-14 01:01:36,006 [INFO] bot: Loaded events.member_join
2026-06-14 01:01:36,006 [INFO] bot: Loaded events.message
2026-06-14 01:01:36,007 [INFO] bot: Loaded events.ready
2026-06-14 01:01:36,007 [INFO] bot: Loaded events.ticket_buttons
2026-06-14 01:01:36,007 [INFO] bot: ========== REGISTERED COMMANDS ==========
2026-06-14 01:01:36,007 [INFO] bot: !adduser -> C:\Users\bluem\Downloads\Blank Bot\modules\ticket.py
2026-06-14 01:01:36,007 [INFO] bot: !close -> C:\Users\bluem\Downloads\Blank Bot\modules\ticket.py
2026-06-14 01:01:36,007 [INFO] bot: !help -> C:\Users\bluem\Downloads\Blank Bot\modules\help.py
2026-06-14 01:01:36,008 [INFO] bot: !ping -> C:\Users\bluem\Downloads\Blank Bot\modules\ping.py
2026-06-14 01:01:36,008 [INFO] bot: !removeuser -> C:\Users\bluem\Downloads\Blank Bot\modules\ticket.py
2026-06-14 01:01:36,008 [INFO] bot: !saylog -> C:\Users\bluem\Downloads\Blank Bot\modules\logging.py
2026-06-14 01:01:36,008 [INFO] bot: !template -> C:\Users\bluem\Downloads\Blank Bot\modules\template.py
2026-06-14 01:01:36,008 [INFO] bot: !ticket_start -> C:\Users\bluem\Downloads\Blank Bot\modules\ticket.py
2026-06-14 01:01:36,008 [INFO] bot: !ticketpanel -> C:\Users\bluem\Downloads\Blank Bot\modules\ticket.py
2026-06-14 01:01:36,008 [INFO] bot: =========================================
2026-06-14 01:01:36,010 [INFO] discord.client: logging in using static token
2026-06-14 01:02:19,342 [WARNING] discord.client: PyNaCl is not installed, voice will NOT be supported
2026-06-14 01:02:19,344 [INFO] bot: Loaded modules.help
2026-06-14 01:02:19,344 [INFO] bot: Loaded modules.logging
2026-06-14 01:02:19,345 [INFO] bot: Loaded modules.ping
2026-06-14 01:02:19,346 [INFO] bot: Loaded modules.template
2026-06-14 01:02:19,346 [INFO] bot: Loaded modules.ticket
2026-06-14 01:02:19,347 [INFO] bot: Loaded events.member_join
2026-06-14 01:02:19,348 [INFO] bot: Loaded events.message
2026-06-14 01:02:19,348 [INFO] bot: Loaded events.ready
2026-06-14 01:02:19,348 [INFO] bot: Loaded events.ticket_buttons
2026-06-14 01:02:19,348 [INFO] bot: ========== REGISTERED COMMANDS ==========
2026-06-14 01:02:19,349 [INFO] bot: !adduser -> C:\Users\bluem\Downloads\Blank Bot\modules\ticket.py
2026-06-14 01:02:19,349 [INFO] bot: !close -> C:\Users\bluem\Downloads\Blank Bot\modules\ticket.py
2026-06-14 01:02:19,349 [INFO] bot: !help -> C:\Users\bluem\Downloads\Blank Bot\modules\help.py
2026-06-14 01:02:19,349 [INFO] bot: !ping -> C:\Users\bluem\Downloads\Blank Bot\modules\ping.py
2026-06-14 01:02:19,349 [INFO] bot: !removeuser -> C:\Users\bluem\Downloads\Blank Bot\modules\ticket.py
2026-06-14 01:02:19,349 [INFO] bot: !saylog -> C:\Users\bluem\Downloads\Blank Bot\modules\logging.py
2026-06-14 01:02:19,349 [INFO] bot: !template -> C:\Users\bluem\Downloads\Blank Bot\modules\template.py
2026-06-14 01:02:19,349 [INFO] bot: !ticket_start -> C:\Users\bluem\Downloads\Blank Bot\modules\ticket.py
2026-06-14 01:02:19,350 [INFO] bot: !ticketpanel -> C:\Users\bluem\Downloads\Blank Bot\modules\ticket.py
2026-06-14 01:02:19,350 [INFO] bot: =========================================
2026-06-14 01:02:19,351 [INFO] discord.client: logging in using static token
2026-06-14 01:02:36,749 [INFO] discord.gateway: Shard ID None has connected to Gateway (Session ID: 12e1e92b84304d87bc57a4ef53775b3a).
2026-06-14 01:02:38,755 [INFO] bot: Ticket views loaded safely
2026-06-14 01:02:38,756 [INFO] bot.events.ready: Logged in as Voidstone Managment#4277 (ID: 1514888384789614663)
2026-06-14 01:02:39,166 [INFO] bot: Ticket categories loaded safely
2026-06-14 01:03:11,314 [WARNING] discord.client: PyNaCl is not installed, voice will NOT be supported
2026-06-14 01:03:11,316 [INFO] bot: Loaded modules.help
2026-06-14 01:03:11,316 [INFO] bot: Loaded modules.logging
2026-06-14 01:03:11,317 [INFO] bot: Loaded modules.ping
2026-06-14 01:03:11,317 [INFO] bot: Loaded modules.template
2026-06-14 01:03:11,318 [INFO] bot: Loaded modules.ticket
2026-06-14 01:03:11,319 [INFO] bot: Loaded events.member_join
2026-06-14 01:03:11,319 [INFO] bot: Loaded events.message
2026-06-14 01:03:11,320 [INFO] bot: Loaded events.ready
2026-06-14 01:03:11,320 [INFO] bot: Loaded events.ticket_buttons
2026-06-14 01:03:11,320 [INFO] bot: ========== REGISTERED COMMANDS ==========
2026-06-14 01:03:11,320 [INFO] bot: !adduser -> C:\Users\bluem\Downloads\Blank Bot\modules\ticket.py
2026-06-14 01:03:11,320 [INFO] bot: !close -> C:\Users\bluem\Downloads\Blank Bot\modules\ticket.py
2026-06-14 01:03:11,320 [INFO] bot: !help -> C:\Users\bluem\Downloads\Blank Bot\modules\help.py
2026-06-14 01:03:11,320 [INFO] bot: !ping -> C:\Users\bluem\Downloads\Blank Bot\modules\ping.py
2026-06-14 01:03:11,320 [INFO] bot: !removeuser -> C:\Users\bluem\Downloads\Blank Bot\modules\ticket.py
2026-06-14 01:03:11,321 [INFO] bot: !saylog -> C:\Users\bluem\Downloads\Blank Bot\modules\logging.py
2026-06-14 01:03:11,321 [INFO] bot: !template -> C:\Users\bluem\Downloads\Blank Bot\modules\template.py
2026-06-14 01:03:11,321 [INFO] bot: !ticket_start -> C:\Users\bluem\Downloads\Blank Bot\modules\ticket.py
2026-06-14 01:03:11,321 [INFO] bot: !ticketpanel -> C:\Users\bluem\Downloads\Blank Bot\modules\ticket.py
2026-06-14 01:03:11,321 [INFO] bot: =========================================
2026-06-14 01:03:11,322 [INFO] discord.client: logging in using static token
2026-06-14 01:03:39,131 [INFO] discord.gateway: Shard ID None has connected to Gateway (Session ID: 59baced23e6132d9950df24c20211034).
2026-06-14 01:03:41,134 [INFO] bot: Ticket views loaded safely
2026-06-14 01:03:41,135 [INFO] bot.events.ready: Logged in as Voidstone Managment#4277 (ID: 1514888384789614663)
2026-06-14 01:03:41,346 [INFO] bot: Ticket categories loaded safely
2026-06-14 01:04:32,931 [ERROR] discord.ui.view: Ignoring exception in view <TicketPanel timeout=None children=1> for item <Button style=<ButtonStyle.success: 3> url=None disabled=False label='Create Ticket' emoji=None row=None sku_id=None id=None>
Traceback (most recent call last):
  File "C:\Users\bluem\AppData\Roaming\Python\Python314\site-packages\discord\ui\view.py", line 555, in _scheduled_task
    await item.callback(interaction)
  File "C:\Users\bluem\Downloads\Blank Bot\events\ticket_buttons.py", line 350, in create_ticket
    await interaction.response.send_message(
    ...<2 lines>...
    )
  File "C:\Users\bluem\AppData\Roaming\Python\Python314\site-packages\discord\interactions.py", line 1051, in send_message
    response = await adapter.create_interaction_response(
               ^^^^^^^^^^^^^^^^^^^^^^^^^^^^^^^^^^^^^^^^^^
    ...<6 lines>...
    )
    ^
  File "C:\Users\bluem\AppData\Roaming\Python\Python314\site-packages\discord\webhook\async_.py", line 224, in request
    raise NotFound(response, data)
discord.errors.NotFound: 404 Not Found (error code: 10062): Unknown interaction
2026-06-14 01:06:01,785 [ERROR] discord.client: Attempting a reconnect in 0.76s
Traceback (most recent call last):
  File "C:\Users\bluem\AppData\Roaming\Python\Python314\site-packages\aiohttp\connector.py", line 1571, in _create_direct_connection
    hosts = await self._resolve_host(host, port, traces=traces)
            ^^^^^^^^^^^^^^^^^^^^^^^^^^^^^^^^^^^^^^^^^^^^^^^^^^^
  File "C:\Users\bluem\AppData\Roaming\Python\Python314\site-packages\aiohttp\connector.py", line 1181, in _resolve_host
    return await asyncio.shield(resolved_host_task)
           ^^^^^^^^^^^^^^^^^^^^^^^^^^^^^^^^^^^^^^^^
  File "C:\Users\bluem\AppData\Roaming\Python\Python314\site-packages\aiohttp\connector.py", line 1212, in _resolve_host_with_throttle
    addrs = await self._resolver.resolve(host, port, family=self._family)
            ^^^^^^^^^^^^^^^^^^^^^^^^^^^^^^^^^^^^^^^^^^^^^^^^^^^^^^^^^^^^^
  File "C:\Users\bluem\AppData\Roaming\Python\Python314\site-packages\aiohttp\resolver.py", line 40, in resolve
    infos = await self._loop.getaddrinfo(
            ^^^^^^^^^^^^^^^^^^^^^^^^^^^^^
    ...<5 lines>...
    )
    ^
  File "C:\Python314\Lib\asyncio\base_events.py", line 936, in getaddrinfo
    return await self.run_in_executor(
           ^^^^^^^^^^^^^^^^^^^^^^^^^^^
        None, getaddr_func, host, port, family, type, proto, flags)
        ^^^^^^^^^^^^^^^^^^^^^^^^^^^^^^^^^^^^^^^^^^^^^^^^^^^^^^^^^^^
  File "C:\Python314\Lib\concurrent\futures\thread.py", line 86, in run
    result = ctx.run(self.task)
  File "C:\Python314\Lib\concurrent\futures\thread.py", line 73, in run
    return fn(*args, **kwargs)
  File "C:\Python314\Lib\socket.py", line 983, in getaddrinfo
    for res in _socket.getaddrinfo(host, port, family, type, proto, flags):
               ~~~~~~~~~~~~~~~~~~~^^^^^^^^^^^^^^^^^^^^^^^^^^^^^^^^^^^^^^^^
socket.gaierror: [Errno 11001] getaddrinfo failed

The above exception was the direct cause of the following exception:

Traceback (most recent call last):
  File "C:\Users\bluem\AppData\Roaming\Python\Python314\site-packages\discord\client.py", line 724, in connect
    self.ws = await asyncio.wait_for(coro, timeout=60.0)
              ^^^^^^^^^^^^^^^^^^^^^^^^^^^^^^^^^^^^^^^^^^
  File "C:\Python314\Lib\asyncio\tasks.py", line 488, in wait_for
    return await fut
           ^^^^^^^^^
  File "C:\Users\bluem\AppData\Roaming\Python\Python314\site-packages\discord\gateway.py", line 383, in from_client
    socket = await client.http.ws_connect(str(url))
             ^^^^^^^^^^^^^^^^^^^^^^^^^^^^^^^^^^^^^^
  File "C:\Users\bluem\AppData\Roaming\Python\Python314\site-packages\discord\http.py", line 566, in ws_connect
    return await self.__session.ws_connect(url, **kwargs)
           ^^^^^^^^^^^^^^^^^^^^^^^^^^^^^^^^^^^^^^^^^^^^^^
  File "C:\Users\bluem\AppData\Roaming\Python\Python314\site-packages\aiohttp\client.py", line 1244, in _ws_connect
    resp = await self.request(
           ^^^^^^^^^^^^^^^^^^^
    ...<11 lines>...
    )
    ^
  File "C:\Users\bluem\AppData\Roaming\Python\Python314\site-packages\aiohttp\client.py", line 856, in _request
    resp = await handler(req)
           ^^^^^^^^^^^^^^^^^^
  File "C:\Users\bluem\AppData\Roaming\Python\Python314\site-packages\aiohttp\client.py", line 810, in _connect_and_send_request
    conn = await self._connector.connect(
           ^^^^^^^^^^^^^^^^^^^^^^^^^^^^^^
        req, traces=traces, timeout=real_timeout
        ^^^^^^^^^^^^^^^^^^^^^^^^^^^^^^^^^^^^^^^^
    )
    ^
  File "C:\Users\bluem\AppData\Roaming\Python\Python314\site-packages\aiohttp\connector.py", line 657, in connect
    proto = await self._create_connection(req, traces, timeout)
            ^^^^^^^^^^^^^^^^^^^^^^^^^^^^^^^^^^^^^^^^^^^^^^^^^^^
  File "C:\Users\bluem\AppData\Roaming\Python\Python314\site-packages\aiohttp\connector.py", line 1242, in _create_connection
    _, proto = await self._create_direct_connection(req, traces, timeout)
               ^^^^^^^^^^^^^^^^^^^^^^^^^^^^^^^^^^^^^^^^^^^^^^^^^^^^^^^^^^
  File "C:\Users\bluem\AppData\Roaming\Python\Python314\site-packages\aiohttp\connector.py", line 1577, in _create_direct_connection
    raise ClientConnectorDNSError(req.connection_key, exc) from exc
aiohttp.client_exceptions.ClientConnectorDNSError: Cannot connect to host gateway-us-east1-c.discord.gg:443 ssl:default [getaddrinfo failed]
2026-06-14 01:06:02,586 [ERROR] discord.client: Attempting a reconnect in 1.20s
Traceback (most recent call last):
  File "C:\Users\bluem\AppData\Roaming\Python\Python314\site-packages\aiohttp\connector.py", line 1571, in _create_direct_connection
    hosts = await self._resolve_host(host, port, traces=traces)
            ^^^^^^^^^^^^^^^^^^^^^^^^^^^^^^^^^^^^^^^^^^^^^^^^^^^
  File "C:\Users\bluem\AppData\Roaming\Python\Python314\site-packages\aiohttp\connector.py", line 1181, in _resolve_host
    return await asyncio.shield(resolved_host_task)
           ^^^^^^^^^^^^^^^^^^^^^^^^^^^^^^^^^^^^^^^^
  File "C:\Users\bluem\AppData\Roaming\Python\Python314\site-packages\aiohttp\connector.py", line 1212, in _resolve_host_with_throttle
    addrs = await self._resolver.resolve(host, port, family=self._family)
            ^^^^^^^^^^^^^^^^^^^^^^^^^^^^^^^^^^^^^^^^^^^^^^^^^^^^^^^^^^^^^
  File "C:\Users\bluem\AppData\Roaming\Python\Python314\site-packages\aiohttp\resolver.py", line 40, in resolve
    infos = await self._loop.getaddrinfo(
            ^^^^^^^^^^^^^^^^^^^^^^^^^^^^^
    ...<5 lines>...
    )
    ^
  File "C:\Python314\Lib\asyncio\base_events.py", line 936, in getaddrinfo
    return await self.run_in_executor(
           ^^^^^^^^^^^^^^^^^^^^^^^^^^^
        None, getaddr_func, host, port, family, type, proto, flags)
        ^^^^^^^^^^^^^^^^^^^^^^^^^^^^^^^^^^^^^^^^^^^^^^^^^^^^^^^^^^^
  File "C:\Python314\Lib\concurrent\futures\thread.py", line 86, in run
    result = ctx.run(self.task)
  File "C:\Python314\Lib\concurrent\futures\thread.py", line 73, in run
    return fn(*args, **kwargs)
  File "C:\Python314\Lib\socket.py", line 983, in getaddrinfo
    for res in _socket.getaddrinfo(host, port, family, type, proto, flags):
               ~~~~~~~~~~~~~~~~~~~^^^^^^^^^^^^^^^^^^^^^^^^^^^^^^^^^^^^^^^^
socket.gaierror: [Errno 11001] getaddrinfo failed

The above exception was the direct cause of the following exception:

Traceback (most recent call last):
  File "C:\Users\bluem\AppData\Roaming\Python\Python314\site-packages\discord\client.py", line 724, in connect
    self.ws = await asyncio.wait_for(coro, timeout=60.0)
              ^^^^^^^^^^^^^^^^^^^^^^^^^^^^^^^^^^^^^^^^^^
  File "C:\Python314\Lib\asyncio\tasks.py", line 488, in wait_for
    return await fut
           ^^^^^^^^^
  File "C:\Users\bluem\AppData\Roaming\Python\Python314\site-packages\discord\gateway.py", line 383, in from_client
    socket = await client.http.ws_connect(str(url))
             ^^^^^^^^^^^^^^^^^^^^^^^^^^^^^^^^^^^^^^
  File "C:\Users\bluem\AppData\Roaming\Python\Python314\site-packages\discord\http.py", line 566, in ws_connect
    return await self.__session.ws_connect(url, **kwargs)
           ^^^^^^^^^^^^^^^^^^^^^^^^^^^^^^^^^^^^^^^^^^^^^^
  File "C:\Users\bluem\AppData\Roaming\Python\Python314\site-packages\aiohttp\client.py", line 1244, in _ws_connect
    resp = await self.request(
           ^^^^^^^^^^^^^^^^^^^
    ...<11 lines>...
    )
    ^
  File "C:\Users\bluem\AppData\Roaming\Python\Python314\site-packages\aiohttp\client.py", line 856, in _request
    resp = await handler(req)
           ^^^^^^^^^^^^^^^^^^
  File "C:\Users\bluem\AppData\Roaming\Python\Python314\site-packages\aiohttp\client.py", line 810, in _connect_and_send_request
    conn = await self._connector.connect(
           ^^^^^^^^^^^^^^^^^^^^^^^^^^^^^^
        req, traces=traces, timeout=real_timeout
        ^^^^^^^^^^^^^^^^^^^^^^^^^^^^^^^^^^^^^^^^
    )
    ^
  File "C:\Users\bluem\AppData\Roaming\Python\Python314\site-packages\aiohttp\connector.py", line 657, in connect
    proto = await self._create_connection(req, traces, timeout)
            ^^^^^^^^^^^^^^^^^^^^^^^^^^^^^^^^^^^^^^^^^^^^^^^^^^^
  File "C:\Users\bluem\AppData\Roaming\Python\Python314\site-packages\aiohttp\connector.py", line 1242, in _create_connection
    _, proto = await self._create_direct_connection(req, traces, timeout)
               ^^^^^^^^^^^^^^^^^^^^^^^^^^^^^^^^^^^^^^^^^^^^^^^^^^^^^^^^^^
  File "C:\Users\bluem\AppData\Roaming\Python\Python314\site-packages\aiohttp\connector.py", line 1577, in _create_direct_connection
    raise ClientConnectorDNSError(req.connection_key, exc) from exc
aiohttp.client_exceptions.ClientConnectorDNSError: Cannot connect to host gateway-us-east1-c.discord.gg:443 ssl:default [getaddrinfo failed]
2026-06-14 01:06:03,799 [ERROR] discord.client: Attempting a reconnect in 4.62s
Traceback (most recent call last):
  File "C:\Users\bluem\AppData\Roaming\Python\Python314\site-packages\aiohttp\connector.py", line 1571, in _create_direct_connection
    hosts = await self._resolve_host(host, port, traces=traces)
            ^^^^^^^^^^^^^^^^^^^^^^^^^^^^^^^^^^^^^^^^^^^^^^^^^^^
  File "C:\Users\bluem\AppData\Roaming\Python\Python314\site-packages\aiohttp\connector.py", line 1181, in _resolve_host
    return await asyncio.shield(resolved_host_task)
           ^^^^^^^^^^^^^^^^^^^^^^^^^^^^^^^^^^^^^^^^
  File "C:\Users\bluem\AppData\Roaming\Python\Python314\site-packages\aiohttp\connector.py", line 1212, in _resolve_host_with_throttle
    addrs = await self._resolver.resolve(host, port, family=self._family)
            ^^^^^^^^^^^^^^^^^^^^^^^^^^^^^^^^^^^^^^^^^^^^^^^^^^^^^^^^^^^^^
  File "C:\Users\bluem\AppData\Roaming\Python\Python314\site-packages\aiohttp\resolver.py", line 40, in resolve
    infos = await self._loop.getaddrinfo(
            ^^^^^^^^^^^^^^^^^^^^^^^^^^^^^
    ...<5 lines>...
    )
    ^
  File "C:\Python314\Lib\asyncio\base_events.py", line 936, in getaddrinfo
    return await self.run_in_executor(
           ^^^^^^^^^^^^^^^^^^^^^^^^^^^
        None, getaddr_func, host, port, family, type, proto, flags)
        ^^^^^^^^^^^^^^^^^^^^^^^^^^^^^^^^^^^^^^^^^^^^^^^^^^^^^^^^^^^
  File "C:\Python314\Lib\concurrent\futures\thread.py", line 86, in run
    result = ctx.run(self.task)
  File "C:\Python314\Lib\concurrent\futures\thread.py", line 73, in run
    return fn(*args, **kwargs)
  File "C:\Python314\Lib\socket.py", line 983, in getaddrinfo
    for res in _socket.getaddrinfo(host, port, family, type, proto, flags):
               ~~~~~~~~~~~~~~~~~~~^^^^^^^^^^^^^^^^^^^^^^^^^^^^^^^^^^^^^^^^
socket.gaierror: [Errno 11001] getaddrinfo failed

The above exception was the direct cause of the following exception:

Traceback (most recent call last):
  File "C:\Users\bluem\AppData\Roaming\Python\Python314\site-packages\discord\client.py", line 724, in connect
    self.ws = await asyncio.wait_for(coro, timeout=60.0)
              ^^^^^^^^^^^^^^^^^^^^^^^^^^^^^^^^^^^^^^^^^^
  File "C:\Python314\Lib\asyncio\tasks.py", line 488, in wait_for
    return await fut
           ^^^^^^^^^
  File "C:\Users\bluem\AppData\Roaming\Python\Python314\site-packages\discord\gateway.py", line 383, in from_client
    socket = await client.http.ws_connect(str(url))
             ^^^^^^^^^^^^^^^^^^^^^^^^^^^^^^^^^^^^^^
  File "C:\Users\bluem\AppData\Roaming\Python\Python314\site-packages\discord\http.py", line 566, in ws_connect
    return await self.__session.ws_connect(url, **kwargs)
           ^^^^^^^^^^^^^^^^^^^^^^^^^^^^^^^^^^^^^^^^^^^^^^
  File "C:\Users\bluem\AppData\Roaming\Python\Python314\site-packages\aiohttp\client.py", line 1244, in _ws_connect
    resp = await self.request(
           ^^^^^^^^^^^^^^^^^^^
    ...<11 lines>...
    )
    ^
  File "C:\Users\bluem\AppData\Roaming\Python\Python314\site-packages\aiohttp\client.py", line 856, in _request
    resp = await handler(req)
           ^^^^^^^^^^^^^^^^^^
  File "C:\Users\bluem\AppData\Roaming\Python\Python314\site-packages\aiohttp\client.py", line 810, in _connect_and_send_request
    conn = await self._connector.connect(
           ^^^^^^^^^^^^^^^^^^^^^^^^^^^^^^
        req, traces=traces, timeout=real_timeout
        ^^^^^^^^^^^^^^^^^^^^^^^^^^^^^^^^^^^^^^^^
    )
    ^
  File "C:\Users\bluem\AppData\Roaming\Python\Python314\site-packages\aiohttp\connector.py", line 657, in connect
    proto = await self._create_connection(req, traces, timeout)
            ^^^^^^^^^^^^^^^^^^^^^^^^^^^^^^^^^^^^^^^^^^^^^^^^^^^
  File "C:\Users\bluem\AppData\Roaming\Python\Python314\site-packages\aiohttp\connector.py", line 1242, in _create_connection
    _, proto = await self._create_direct_connection(req, traces, timeout)
               ^^^^^^^^^^^^^^^^^^^^^^^^^^^^^^^^^^^^^^^^^^^^^^^^^^^^^^^^^^
  File "C:\Users\bluem\AppData\Roaming\Python\Python314\site-packages\aiohttp\connector.py", line 1577, in _create_direct_connection
    raise ClientConnectorDNSError(req.connection_key, exc) from exc
aiohttp.client_exceptions.ClientConnectorDNSError: Cannot connect to host gateway-us-east1-c.discord.gg:443 ssl:default [getaddrinfo failed]
2026-06-14 01:06:19,465 [ERROR] discord.client: Attempting a reconnect in 11.38s
Traceback (most recent call last):
  File "C:\Users\bluem\AppData\Roaming\Python\Python314\site-packages\aiohttp\connector.py", line 1571, in _create_direct_connection
    hosts = await self._resolve_host(host, port, traces=traces)
            ^^^^^^^^^^^^^^^^^^^^^^^^^^^^^^^^^^^^^^^^^^^^^^^^^^^
  File "C:\Users\bluem\AppData\Roaming\Python\Python314\site-packages\aiohttp\connector.py", line 1181, in _resolve_host
    return await asyncio.shield(resolved_host_task)
           ^^^^^^^^^^^^^^^^^^^^^^^^^^^^^^^^^^^^^^^^
  File "C:\Users\bluem\AppData\Roaming\Python\Python314\site-packages\aiohttp\connector.py", line 1212, in _resolve_host_with_throttle
    addrs = await self._resolver.resolve(host, port, family=self._family)
            ^^^^^^^^^^^^^^^^^^^^^^^^^^^^^^^^^^^^^^^^^^^^^^^^^^^^^^^^^^^^^
  File "C:\Users\bluem\AppData\Roaming\Python\Python314\site-packages\aiohttp\resolver.py", line 40, in resolve
    infos = await self._loop.getaddrinfo(
            ^^^^^^^^^^^^^^^^^^^^^^^^^^^^^
    ...<5 lines>...
    )
    ^
  File "C:\Python314\Lib\asyncio\base_events.py", line 936, in getaddrinfo
    return await self.run_in_executor(
           ^^^^^^^^^^^^^^^^^^^^^^^^^^^
        None, getaddr_func, host, port, family, type, proto, flags)
        ^^^^^^^^^^^^^^^^^^^^^^^^^^^^^^^^^^^^^^^^^^^^^^^^^^^^^^^^^^^
  File "C:\Python314\Lib\concurrent\futures\thread.py", line 86, in run
    result = ctx.run(self.task)
  File "C:\Python314\Lib\concurrent\futures\thread.py", line 73, in run
    return fn(*args, **kwargs)
  File "C:\Python314\Lib\socket.py", line 983, in getaddrinfo
    for res in _socket.getaddrinfo(host, port, family, type, proto, flags):
               ~~~~~~~~~~~~~~~~~~~^^^^^^^^^^^^^^^^^^^^^^^^^^^^^^^^^^^^^^^^
socket.gaierror: [Errno 11001] getaddrinfo failed

The above exception was the direct cause of the following exception:

Traceback (most recent call last):
  File "C:\Users\bluem\AppData\Roaming\Python\Python314\site-packages\discord\client.py", line 724, in connect
    self.ws = await asyncio.wait_for(coro, timeout=60.0)
              ^^^^^^^^^^^^^^^^^^^^^^^^^^^^^^^^^^^^^^^^^^
  File "C:\Python314\Lib\asyncio\tasks.py", line 488, in wait_for
    return await fut
           ^^^^^^^^^
  File "C:\Users\bluem\AppData\Roaming\Python\Python314\site-packages\discord\gateway.py", line 383, in from_client
    socket = await client.http.ws_connect(str(url))
             ^^^^^^^^^^^^^^^^^^^^^^^^^^^^^^^^^^^^^^
  File "C:\Users\bluem\AppData\Roaming\Python\Python314\site-packages\discord\http.py", line 566, in ws_connect
    return await self.__session.ws_connect(url, **kwargs)
           ^^^^^^^^^^^^^^^^^^^^^^^^^^^^^^^^^^^^^^^^^^^^^^
  File "C:\Users\bluem\AppData\Roaming\Python\Python314\site-packages\aiohttp\client.py", line 1244, in _ws_connect
    resp = await self.request(
           ^^^^^^^^^^^^^^^^^^^
    ...<11 lines>...
    )
    ^
  File "C:\Users\bluem\AppData\Roaming\Python\Python314\site-packages\aiohttp\client.py", line 856, in _request
    resp = await handler(req)
           ^^^^^^^^^^^^^^^^^^
  File "C:\Users\bluem\AppData\Roaming\Python\Python314\site-packages\aiohttp\client.py", line 810, in _connect_and_send_request
    conn = await self._connector.connect(
           ^^^^^^^^^^^^^^^^^^^^^^^^^^^^^^
        req, traces=traces, timeout=real_timeout
        ^^^^^^^^^^^^^^^^^^^^^^^^^^^^^^^^^^^^^^^^
    )
    ^
  File "C:\Users\bluem\AppData\Roaming\Python\Python314\site-packages\aiohttp\connector.py", line 657, in connect
    proto = await self._create_connection(req, traces, timeout)
            ^^^^^^^^^^^^^^^^^^^^^^^^^^^^^^^^^^^^^^^^^^^^^^^^^^^
  File "C:\Users\bluem\AppData\Roaming\Python\Python314\site-packages\aiohttp\connector.py", line 1242, in _create_connection
    _, proto = await self._create_direct_connection(req, traces, timeout)
               ^^^^^^^^^^^^^^^^^^^^^^^^^^^^^^^^^^^^^^^^^^^^^^^^^^^^^^^^^^
  File "C:\Users\bluem\AppData\Roaming\Python\Python314\site-packages\aiohttp\connector.py", line 1577, in _create_direct_connection
    raise ClientConnectorDNSError(req.connection_key, exc) from exc
aiohttp.client_exceptions.ClientConnectorDNSError: Cannot connect to host gateway-us-east1-c.discord.gg:443 ssl:default [getaddrinfo failed]
2026-06-14 01:06:31,044 [INFO] discord.gateway: Shard ID None has successfully RESUMED session 59baced23e6132d9950df24c20211034.
2026-06-14 01:10:18,539 [INFO] discord.gateway: Shard ID None has successfully RESUMED session 59baced23e6132d9950df24c20211034.
2026-06-14 01:11:37,596 [ERROR] discord.ext.commands.bot: Ignoring exception in command None
discord.ext.commands.errors.CommandNotFound: Command "smite" is not found
2026-06-14 01:17:17,531 [WARNING] discord.client: PyNaCl is not installed, voice will NOT be supported
2026-06-14 01:17:17,537 [WARNING] bot: modules.console does not have setup(bot), so it was skipped.
2026-06-14 01:17:17,541 [INFO] bot: Loaded modules.dev
2026-06-14 01:17:17,542 [INFO] bot: Loaded modules.help
2026-06-14 01:17:17,544 [INFO] bot: Loaded modules.logging
2026-06-14 01:17:17,546 [INFO] bot: Loaded modules.null
2026-06-14 01:17:17,547 [INFO] bot: Loaded modules.ping
2026-06-14 01:17:17,549 [INFO] bot: Loaded modules.template
2026-06-14 01:17:17,550 [INFO] bot: Loaded modules.ticket
2026-06-14 01:17:17,555 [INFO] bot: Loaded events.banned_words
2026-06-14 01:17:17,556 [INFO] bot: Loaded events.member_join
2026-06-14 01:17:17,557 [INFO] bot: Loaded events.message
2026-06-14 01:17:17,558 [INFO] bot: Loaded events.ready
2026-06-14 01:17:17,558 [INFO] bot: Loaded events.ticket_buttons
2026-06-14 01:17:17,558 [INFO] bot: ========== REGISTERED COMMANDS ==========
2026-06-14 01:17:17,559 [INFO] bot: !adduser -> C:\Users\bluem\Downloads\Blank Bot\modules\ticket.py
2026-06-14 01:17:17,559 [INFO] bot: !close -> C:\Users\bluem\Downloads\Blank Bot\modules\ticket.py
2026-06-14 01:17:17,559 [INFO] bot: !devmode -> C:\Users\bluem\Downloads\Blank Bot\modules\dev.py
2026-06-14 01:17:17,559 [INFO] bot: !help -> C:\Users\bluem\Downloads\Blank Bot\modules\help.py
2026-06-14 01:17:17,559 [INFO] bot: !ping -> C:\Users\bluem\Downloads\Blank Bot\modules\ping.py
2026-06-14 01:17:17,560 [INFO] bot: !refreshchannel -> C:\Users\bluem\Downloads\Blank Bot\modules\null.py
2026-06-14 01:17:17,560 [INFO] bot: !removeuser -> C:\Users\bluem\Downloads\Blank Bot\modules\ticket.py
2026-06-14 01:17:17,560 [INFO] bot: !saylog -> C:\Users\bluem\Downloads\Blank Bot\modules\logging.py
2026-06-14 01:17:17,560 [INFO] bot: !template -> C:\Users\bluem\Downloads\Blank Bot\modules\template.py
2026-06-14 01:17:17,561 [INFO] bot: !ticket_start -> C:\Users\bluem\Downloads\Blank Bot\modules\ticket.py
2026-06-14 01:17:17,561 [INFO] bot: !ticketpanel -> C:\Users\bluem\Downloads\Blank Bot\modules\ticket.py
2026-06-14 01:17:17,561 [INFO] bot: =========================================
2026-06-14 01:17:17,563 [INFO] discord.client: logging in using static token
2026-06-14 01:17:19,989 [INFO] discord.gateway: Shard ID None has connected to Gateway (Session ID: 228131ebf6a3df6aadf2635cffdfd4c2).
2026-06-14 01:17:21,998 [INFO] bot: Ticket views loaded safely
2026-06-14 01:17:21,999 [INFO] bot: Ticket categories loaded safely
2026-06-14 01:17:21,999 [INFO] bot.events.ready: Logged in as Voidstone Managment#4277 (ID: 1514888384789614663)
2026-06-14 01:19:23,999 [INFO] discord.gateway: Shard ID None has successfully RESUMED session 228131ebf6a3df6aadf2635cffdfd4c2.
2026-06-14 01:21:05,641 [ERROR] discord.client: Attempting a reconnect in 1.71s
Traceback (most recent call last):
  File "C:\Users\bluem\AppData\Roaming\Python\Python314\site-packages\aiohttp\connector.py", line 1571, in _create_direct_connection
    hosts = await self._resolve_host(host, port, traces=traces)
            ^^^^^^^^^^^^^^^^^^^^^^^^^^^^^^^^^^^^^^^^^^^^^^^^^^^
  File "C:\Users\bluem\AppData\Roaming\Python\Python314\site-packages\aiohttp\connector.py", line 1181, in _resolve_host
    return await asyncio.shield(resolved_host_task)
           ^^^^^^^^^^^^^^^^^^^^^^^^^^^^^^^^^^^^^^^^
  File "C:\Users\bluem\AppData\Roaming\Python\Python314\site-packages\aiohttp\connector.py", line 1212, in _resolve_host_with_throttle
    addrs = await self._resolver.resolve(host, port, family=self._family)
            ^^^^^^^^^^^^^^^^^^^^^^^^^^^^^^^^^^^^^^^^^^^^^^^^^^^^^^^^^^^^^
  File "C:\Users\bluem\AppData\Roaming\Python\Python314\site-packages\aiohttp\resolver.py", line 40, in resolve
    infos = await self._loop.getaddrinfo(
            ^^^^^^^^^^^^^^^^^^^^^^^^^^^^^
    ...<5 lines>...
    )
    ^
  File "C:\Python314\Lib\asyncio\base_events.py", line 936, in getaddrinfo
    return await self.run_in_executor(
           ^^^^^^^^^^^^^^^^^^^^^^^^^^^
        None, getaddr_func, host, port, family, type, proto, flags)
        ^^^^^^^^^^^^^^^^^^^^^^^^^^^^^^^^^^^^^^^^^^^^^^^^^^^^^^^^^^^
  File "C:\Python314\Lib\concurrent\futures\thread.py", line 86, in run
    result = ctx.run(self.task)
  File "C:\Python314\Lib\concurrent\futures\thread.py", line 73, in run
    return fn(*args, **kwargs)
  File "C:\Python314\Lib\socket.py", line 983, in getaddrinfo
    for res in _socket.getaddrinfo(host, port, family, type, proto, flags):
               ~~~~~~~~~~~~~~~~~~~^^^^^^^^^^^^^^^^^^^^^^^^^^^^^^^^^^^^^^^^
socket.gaierror: [Errno 11001] getaddrinfo failed

The above exception was the direct cause of the following exception:

Traceback (most recent call last):
  File "C:\Users\bluem\AppData\Roaming\Python\Python314\site-packages\discord\client.py", line 724, in connect
    self.ws = await asyncio.wait_for(coro, timeout=60.0)
              ^^^^^^^^^^^^^^^^^^^^^^^^^^^^^^^^^^^^^^^^^^
  File "C:\Python314\Lib\asyncio\tasks.py", line 488, in wait_for
    return await fut
           ^^^^^^^^^
  File "C:\Users\bluem\AppData\Roaming\Python\Python314\site-packages\discord\gateway.py", line 383, in from_client
    socket = await client.http.ws_connect(str(url))
             ^^^^^^^^^^^^^^^^^^^^^^^^^^^^^^^^^^^^^^
  File "C:\Users\bluem\AppData\Roaming\Python\Python314\site-packages\discord\http.py", line 566, in ws_connect
    return await self.__session.ws_connect(url, **kwargs)
           ^^^^^^^^^^^^^^^^^^^^^^^^^^^^^^^^^^^^^^^^^^^^^^
  File "C:\Users\bluem\AppData\Roaming\Python\Python314\site-packages\aiohttp\client.py", line 1244, in _ws_connect
    resp = await self.request(
           ^^^^^^^^^^^^^^^^^^^
    ...<11 lines>...
    )
    ^
  File "C:\Users\bluem\AppData\Roaming\Python\Python314\site-packages\aiohttp\client.py", line 856, in _request
    resp = await handler(req)
           ^^^^^^^^^^^^^^^^^^
  File "C:\Users\bluem\AppData\Roaming\Python\Python314\site-packages\aiohttp\client.py", line 810, in _connect_and_send_request
    conn = await self._connector.connect(
           ^^^^^^^^^^^^^^^^^^^^^^^^^^^^^^
        req, traces=traces, timeout=real_timeout
        ^^^^^^^^^^^^^^^^^^^^^^^^^^^^^^^^^^^^^^^^
    )
    ^
  File "C:\Users\bluem\AppData\Roaming\Python\Python314\site-packages\aiohttp\connector.py", line 657, in connect
    proto = await self._create_connection(req, traces, timeout)
            ^^^^^^^^^^^^^^^^^^^^^^^^^^^^^^^^^^^^^^^^^^^^^^^^^^^
  File "C:\Users\bluem\AppData\Roaming\Python\Python314\site-packages\aiohttp\connector.py", line 1242, in _create_connection
    _, proto = await self._create_direct_connection(req, traces, timeout)
               ^^^^^^^^^^^^^^^^^^^^^^^^^^^^^^^^^^^^^^^^^^^^^^^^^^^^^^^^^^
  File "C:\Users\bluem\AppData\Roaming\Python\Python314\site-packages\aiohttp\connector.py", line 1577, in _create_direct_connection
    raise ClientConnectorDNSError(req.connection_key, exc) from exc
aiohttp.client_exceptions.ClientConnectorDNSError: Cannot connect to host gateway-us-east1-d.discord.gg:443 ssl:default [getaddrinfo failed]
2026-06-14 01:21:18,408 [ERROR] discord.client: Attempting a reconnect in 1.23s
Traceback (most recent call last):
  File "C:\Users\bluem\AppData\Roaming\Python\Python314\site-packages\aiohttp\connector.py", line 1571, in _create_direct_connection
    hosts = await self._resolve_host(host, port, traces=traces)
            ^^^^^^^^^^^^^^^^^^^^^^^^^^^^^^^^^^^^^^^^^^^^^^^^^^^
  File "C:\Users\bluem\AppData\Roaming\Python\Python314\site-packages\aiohttp\connector.py", line 1181, in _resolve_host
    return await asyncio.shield(resolved_host_task)
           ^^^^^^^^^^^^^^^^^^^^^^^^^^^^^^^^^^^^^^^^
  File "C:\Users\bluem\AppData\Roaming\Python\Python314\site-packages\aiohttp\connector.py", line 1212, in _resolve_host_with_throttle
    addrs = await self._resolver.resolve(host, port, family=self._family)
            ^^^^^^^^^^^^^^^^^^^^^^^^^^^^^^^^^^^^^^^^^^^^^^^^^^^^^^^^^^^^^
  File "C:\Users\bluem\AppData\Roaming\Python\Python314\site-packages\aiohttp\resolver.py", line 40, in resolve
    infos = await self._loop.getaddrinfo(
            ^^^^^^^^^^^^^^^^^^^^^^^^^^^^^
    ...<5 lines>...
    )
    ^
  File "C:\Python314\Lib\asyncio\base_events.py", line 936, in getaddrinfo
    return await self.run_in_executor(
           ^^^^^^^^^^^^^^^^^^^^^^^^^^^
        None, getaddr_func, host, port, family, type, proto, flags)
        ^^^^^^^^^^^^^^^^^^^^^^^^^^^^^^^^^^^^^^^^^^^^^^^^^^^^^^^^^^^
  File "C:\Python314\Lib\concurrent\futures\thread.py", line 86, in run
    result = ctx.run(self.task)
  File "C:\Python314\Lib\concurrent\futures\thread.py", line 73, in run
    return fn(*args, **kwargs)
  File "C:\Python314\Lib\socket.py", line 983, in getaddrinfo
    for res in _socket.getaddrinfo(host, port, family, type, proto, flags):
               ~~~~~~~~~~~~~~~~~~~^^^^^^^^^^^^^^^^^^^^^^^^^^^^^^^^^^^^^^^^
socket.gaierror: [Errno 11001] getaddrinfo failed

The above exception was the direct cause of the following exception:

Traceback (most recent call last):
  File "C:\Users\bluem\AppData\Roaming\Python\Python314\site-packages\discord\client.py", line 724, in connect
    self.ws = await asyncio.wait_for(coro, timeout=60.0)
              ^^^^^^^^^^^^^^^^^^^^^^^^^^^^^^^^^^^^^^^^^^
  File "C:\Python314\Lib\asyncio\tasks.py", line 488, in wait_for
    return await fut
           ^^^^^^^^^
  File "C:\Users\bluem\AppData\Roaming\Python\Python314\site-packages\discord\gateway.py", line 383, in from_client
    socket = await client.http.ws_connect(str(url))
             ^^^^^^^^^^^^^^^^^^^^^^^^^^^^^^^^^^^^^^
  File "C:\Users\bluem\AppData\Roaming\Python\Python314\site-packages\discord\http.py", line 566, in ws_connect
    return await self.__session.ws_connect(url, **kwargs)
           ^^^^^^^^^^^^^^^^^^^^^^^^^^^^^^^^^^^^^^^^^^^^^^
  File "C:\Users\bluem\AppData\Roaming\Python\Python314\site-packages\aiohttp\client.py", line 1244, in _ws_connect
    resp = await self.request(
           ^^^^^^^^^^^^^^^^^^^
    ...<11 lines>...
    )
    ^
  File "C:\Users\bluem\AppData\Roaming\Python\Python314\site-packages\aiohttp\client.py", line 856, in _request
    resp = await handler(req)
           ^^^^^^^^^^^^^^^^^^
  File "C:\Users\bluem\AppData\Roaming\Python\Python314\site-packages\aiohttp\client.py", line 810, in _connect_and_send_request
    conn = await self._connector.connect(
           ^^^^^^^^^^^^^^^^^^^^^^^^^^^^^^
        req, traces=traces, timeout=real_timeout
        ^^^^^^^^^^^^^^^^^^^^^^^^^^^^^^^^^^^^^^^^
    )
    ^
  File "C:\Users\bluem\AppData\Roaming\Python\Python314\site-packages\aiohttp\connector.py", line 657, in connect
    proto = await self._create_connection(req, traces, timeout)
            ^^^^^^^^^^^^^^^^^^^^^^^^^^^^^^^^^^^^^^^^^^^^^^^^^^^
  File "C:\Users\bluem\AppData\Roaming\Python\Python314\site-packages\aiohttp\connector.py", line 1242, in _create_connection
    _, proto = await self._create_direct_connection(req, traces, timeout)
               ^^^^^^^^^^^^^^^^^^^^^^^^^^^^^^^^^^^^^^^^^^^^^^^^^^^^^^^^^^
  File "C:\Users\bluem\AppData\Roaming\Python\Python314\site-packages\aiohttp\connector.py", line 1577, in _create_direct_connection
    raise ClientConnectorDNSError(req.connection_key, exc) from exc
aiohttp.client_exceptions.ClientConnectorDNSError: Cannot connect to host gateway-us-east1-d.discord.gg:443 ssl:default [getaddrinfo failed]
2026-06-14 01:21:27,134 [INFO] discord.gateway: Shard ID None has successfully RESUMED session 228131ebf6a3df6aadf2635cffdfd4c2.
2026-06-14 01:23:35,057 [INFO] discord.gateway: Shard ID None has successfully RESUMED session 228131ebf6a3df6aadf2635cffdfd4c2.
2026-06-14 01:34:54,053 [ERROR] discord.client: Attempting a reconnect in 4.09s
Traceback (most recent call last):
  File "C:\Users\bluem\AppData\Roaming\Python\Python314\site-packages\aiohttp\connector.py", line 1571, in _create_direct_connection
    hosts = await self._resolve_host(host, port, traces=traces)
            ^^^^^^^^^^^^^^^^^^^^^^^^^^^^^^^^^^^^^^^^^^^^^^^^^^^
  File "C:\Users\bluem\AppData\Roaming\Python\Python314\site-packages\aiohttp\connector.py", line 1181, in _resolve_host
    return await asyncio.shield(resolved_host_task)
           ^^^^^^^^^^^^^^^^^^^^^^^^^^^^^^^^^^^^^^^^
  File "C:\Users\bluem\AppData\Roaming\Python\Python314\site-packages\aiohttp\connector.py", line 1212, in _resolve_host_with_throttle
    addrs = await self._resolver.resolve(host, port, family=self._family)
            ^^^^^^^^^^^^^^^^^^^^^^^^^^^^^^^^^^^^^^^^^^^^^^^^^^^^^^^^^^^^^
  File "C:\Users\bluem\AppData\Roaming\Python\Python314\site-packages\aiohttp\resolver.py", line 40, in resolve
    infos = await self._loop.getaddrinfo(
            ^^^^^^^^^^^^^^^^^^^^^^^^^^^^^
    ...<5 lines>...
    )
    ^
  File "C:\Python314\Lib\asyncio\base_events.py", line 936, in getaddrinfo
    return await self.run_in_executor(
           ^^^^^^^^^^^^^^^^^^^^^^^^^^^
        None, getaddr_func, host, port, family, type, proto, flags)
        ^^^^^^^^^^^^^^^^^^^^^^^^^^^^^^^^^^^^^^^^^^^^^^^^^^^^^^^^^^^
  File "C:\Python314\Lib\concurrent\futures\thread.py", line 86, in run
    result = ctx.run(self.task)
  File "C:\Python314\Lib\concurrent\futures\thread.py", line 73, in run
    return fn(*args, **kwargs)
  File "C:\Python314\Lib\socket.py", line 983, in getaddrinfo
    for res in _socket.getaddrinfo(host, port, family, type, proto, flags):
               ~~~~~~~~~~~~~~~~~~~^^^^^^^^^^^^^^^^^^^^^^^^^^^^^^^^^^^^^^^^
socket.gaierror: [Errno 11001] getaddrinfo failed

The above exception was the direct cause of the following exception:

Traceback (most recent call last):
  File "C:\Users\bluem\AppData\Roaming\Python\Python314\site-packages\discord\client.py", line 724, in connect
    self.ws = await asyncio.wait_for(coro, timeout=60.0)
              ^^^^^^^^^^^^^^^^^^^^^^^^^^^^^^^^^^^^^^^^^^
  File "C:\Python314\Lib\asyncio\tasks.py", line 488, in wait_for
    return await fut
           ^^^^^^^^^
  File "C:\Users\bluem\AppData\Roaming\Python\Python314\site-packages\discord\gateway.py", line 383, in from_client
    socket = await client.http.ws_connect(str(url))
             ^^^^^^^^^^^^^^^^^^^^^^^^^^^^^^^^^^^^^^
  File "C:\Users\bluem\AppData\Roaming\Python\Python314\site-packages\discord\http.py", line 566, in ws_connect
    return await self.__session.ws_connect(url, **kwargs)
           ^^^^^^^^^^^^^^^^^^^^^^^^^^^^^^^^^^^^^^^^^^^^^^
  File "C:\Users\bluem\AppData\Roaming\Python\Python314\site-packages\aiohttp\client.py", line 1244, in _ws_connect
    resp = await self.request(
           ^^^^^^^^^^^^^^^^^^^
    ...<11 lines>...
    )
    ^
  File "C:\Users\bluem\AppData\Roaming\Python\Python314\site-packages\aiohttp\client.py", line 856, in _request
    resp = await handler(req)
           ^^^^^^^^^^^^^^^^^^
  File "C:\Users\bluem\AppData\Roaming\Python\Python314\site-packages\aiohttp\client.py", line 810, in _connect_and_send_request
    conn = await self._connector.connect(
           ^^^^^^^^^^^^^^^^^^^^^^^^^^^^^^
        req, traces=traces, timeout=real_timeout
        ^^^^^^^^^^^^^^^^^^^^^^^^^^^^^^^^^^^^^^^^
    )
    ^
  File "C:\Users\bluem\AppData\Roaming\Python\Python314\site-packages\aiohttp\connector.py", line 657, in connect
    proto = await self._create_connection(req, traces, timeout)
            ^^^^^^^^^^^^^^^^^^^^^^^^^^^^^^^^^^^^^^^^^^^^^^^^^^^
  File "C:\Users\bluem\AppData\Roaming\Python\Python314\site-packages\aiohttp\connector.py", line 1242, in _create_connection
    _, proto = await self._create_direct_connection(req, traces, timeout)
               ^^^^^^^^^^^^^^^^^^^^^^^^^^^^^^^^^^^^^^^^^^^^^^^^^^^^^^^^^^
  File "C:\Users\bluem\AppData\Roaming\Python\Python314\site-packages\aiohttp\connector.py", line 1577, in _create_direct_connection
    raise ClientConnectorDNSError(req.connection_key, exc) from exc
aiohttp.client_exceptions.ClientConnectorDNSError: Cannot connect to host gateway-us-east1-d.discord.gg:443 ssl:default [getaddrinfo failed]
2026-06-14 01:34:58,161 [ERROR] discord.client: Attempting a reconnect in 13.09s
Traceback (most recent call last):
  File "C:\Users\bluem\AppData\Roaming\Python\Python314\site-packages\aiohttp\connector.py", line 1571, in _create_direct_connection
    hosts = await self._resolve_host(host, port, traces=traces)
            ^^^^^^^^^^^^^^^^^^^^^^^^^^^^^^^^^^^^^^^^^^^^^^^^^^^
  File "C:\Users\bluem\AppData\Roaming\Python\Python314\site-packages\aiohttp\connector.py", line 1181, in _resolve_host
    return await asyncio.shield(resolved_host_task)
           ^^^^^^^^^^^^^^^^^^^^^^^^^^^^^^^^^^^^^^^^
  File "C:\Users\bluem\AppData\Roaming\Python\Python314\site-packages\aiohttp\connector.py", line 1212, in _resolve_host_with_throttle
    addrs = await self._resolver.resolve(host, port, family=self._family)
            ^^^^^^^^^^^^^^^^^^^^^^^^^^^^^^^^^^^^^^^^^^^^^^^^^^^^^^^^^^^^^
  File "C:\Users\bluem\AppData\Roaming\Python\Python314\site-packages\aiohttp\resolver.py", line 40, in resolve
    infos = await self._loop.getaddrinfo(
            ^^^^^^^^^^^^^^^^^^^^^^^^^^^^^
    ...<5 lines>...
    )
    ^
  File "C:\Python314\Lib\asyncio\base_events.py", line 936, in getaddrinfo
    return await self.run_in_executor(
           ^^^^^^^^^^^^^^^^^^^^^^^^^^^
        None, getaddr_func, host, port, family, type, proto, flags)
        ^^^^^^^^^^^^^^^^^^^^^^^^^^^^^^^^^^^^^^^^^^^^^^^^^^^^^^^^^^^
  File "C:\Python314\Lib\concurrent\futures\thread.py", line 86, in run
    result = ctx.run(self.task)
  File "C:\Python314\Lib\concurrent\futures\thread.py", line 73, in run
    return fn(*args, **kwargs)
  File "C:\Python314\Lib\socket.py", line 983, in getaddrinfo
    for res in _socket.getaddrinfo(host, port, family, type, proto, flags):
               ~~~~~~~~~~~~~~~~~~~^^^^^^^^^^^^^^^^^^^^^^^^^^^^^^^^^^^^^^^^
socket.gaierror: [Errno 11001] getaddrinfo failed

The above exception was the direct cause of the following exception:

Traceback (most recent call last):
  File "C:\Users\bluem\AppData\Roaming\Python\Python314\site-packages\discord\client.py", line 724, in connect
    self.ws = await asyncio.wait_for(coro, timeout=60.0)
              ^^^^^^^^^^^^^^^^^^^^^^^^^^^^^^^^^^^^^^^^^^
  File "C:\Python314\Lib\asyncio\tasks.py", line 488, in wait_for
    return await fut
           ^^^^^^^^^
  File "C:\Users\bluem\AppData\Roaming\Python\Python314\site-packages\discord\gateway.py", line 383, in from_client
    socket = await client.http.ws_connect(str(url))
             ^^^^^^^^^^^^^^^^^^^^^^^^^^^^^^^^^^^^^^
  File "C:\Users\bluem\AppData\Roaming\Python\Python314\site-packages\discord\http.py", line 566, in ws_connect
    return await self.__session.ws_connect(url, **kwargs)
           ^^^^^^^^^^^^^^^^^^^^^^^^^^^^^^^^^^^^^^^^^^^^^^
  File "C:\Users\bluem\AppData\Roaming\Python\Python314\site-packages\aiohttp\client.py", line 1244, in _ws_connect
    resp = await self.request(
           ^^^^^^^^^^^^^^^^^^^
    ...<11 lines>...
    )
    ^
  File "C:\Users\bluem\AppData\Roaming\Python\Python314\site-packages\aiohttp\client.py", line 856, in _request
    resp = await handler(req)
           ^^^^^^^^^^^^^^^^^^
  File "C:\Users\bluem\AppData\Roaming\Python\Python314\site-packages\aiohttp\client.py", line 810, in _connect_and_send_request
    conn = await self._connector.connect(
           ^^^^^^^^^^^^^^^^^^^^^^^^^^^^^^
        req, traces=traces, timeout=real_timeout
        ^^^^^^^^^^^^^^^^^^^^^^^^^^^^^^^^^^^^^^^^
    )
    ^
  File "C:\Users\bluem\AppData\Roaming\Python\Python314\site-packages\aiohttp\connector.py", line 657, in connect
    proto = await self._create_connection(req, traces, timeout)
            ^^^^^^^^^^^^^^^^^^^^^^^^^^^^^^^^^^^^^^^^^^^^^^^^^^^
  File "C:\Users\bluem\AppData\Roaming\Python\Python314\site-packages\aiohttp\connector.py", line 1242, in _create_connection
    _, proto = await self._create_direct_connection(req, traces, timeout)
               ^^^^^^^^^^^^^^^^^^^^^^^^^^^^^^^^^^^^^^^^^^^^^^^^^^^^^^^^^^
  File "C:\Users\bluem\AppData\Roaming\Python\Python314\site-packages\aiohttp\connector.py", line 1577, in _create_direct_connection
    raise ClientConnectorDNSError(req.connection_key, exc) from exc
aiohttp.client_exceptions.ClientConnectorDNSError: Cannot connect to host gateway-us-east1-d.discord.gg:443 ssl:default [getaddrinfo failed]
